TN:
SF:src\auth\msal-client.ts
FN:24,(anonymous_10)
FN:29,(anonymous_11)
FN:51,(anonymous_12)
FN:57,(anonymous_13)
FN:62,(anonymous_14)
FN:66,(anonymous_15)
FN:70,(anonymous_16)
FN:100,(anonymous_17)
FN:104,(anonymous_18)
FN:123,(anonymous_19)
FN:134,(anonymous_20)
FN:142,clearTokenCache
FN:154,getCachedAccounts
FNF:13
FNH:3
FNDA:0,(anonymous_10)
FNDA:0,(anonymous_11)
FNDA:4,(anonymous_12)
FNDA:3,(anonymous_13)
FNDA:0,(anonymous_14)
FNDA:0,(anonymous_15)
FNDA:0,(anonymous_16)
FNDA:0,(anonymous_17)
FNDA:0,(anonymous_18)
FNDA:0,(anonymous_19)
FNDA:1,(anonymous_20)
FNDA:0,clearTokenCache
FNDA:0,getCachedAccounts
DA:8,1
DA:9,1
DA:10,1
DA:11,1
DA:12,1
DA:14,1
DA:17,1
DA:25,0
DA:26,0
DA:30,0
DA:31,0
DA:44,1
DA:48,4
DA:49,4
DA:52,4
DA:53,4
DA:54,4
DA:58,3
DA:59,3
DA:63,0
DA:67,0
DA:71,0
DA:74,0
DA:75,0
DA:76,0
DA:77,0
DA:81,0
DA:82,0
DA:83,0
DA:94,0
DA:95,0
DA:96,0
DA:98,0
DA:101,0
DA:102,0
DA:103,0
DA:104,0
DA:108,0
DA:109,0
DA:112,0
DA:113,0
DA:114,0
DA:116,0
DA:125,0
DA:126,0
DA:130,0
DA:131,0
DA:135,1
DA:142,1
DA:143,0
DA:144,0
DA:145,0
DA:147,0
DA:154,1
DA:155,0
DA:156,0
LF:56
LH:18
BRDA:25,0,0,0
BRDA:25,0,1,0
BRDA:30,1,0,0
BRDA:30,1,1,0
BRDA:53,2,0,4
BRDA:53,2,1,3
BRDA:59,3,0,3
BRDA:59,3,1,0
BRDA:76,4,0,0
BRDA:76,4,1,0
BRDA:108,5,0,0
BRDA:108,5,1,0
BRDA:125,6,0,0
BRDA:125,6,1,0
BRDA:125,7,0,0
BRDA:125,7,1,0
BRDA:125,7,2,0
BRDA:135,8,0,1
BRDA:135,8,1,0
BRDA:135,8,2,0
BRDA:143,9,0,0
BRDA:143,9,1,0
BRF:22
BRH:4
end_of_record
TN:
SF:src\services\dataverse-client.ts
FN:42,isSensitiveVariable
FN:44,(anonymous_1)
FN:47,redactValue
FN:59,(anonymous_3)
FN:65,(anonymous_4)
FN:70,(anonymous_5)
FN:74,(anonymous_6)
FN:78,(anonymous_7)
FN:82,(anonymous_8)
FN:103,(anonymous_9)
FN:126,(anonymous_10)
FN:130,(anonymous_11)
FN:143,(anonymous_12)
FN:182,(anonymous_13)
FN:187,(anonymous_14)
FN:203,(anonymous_15)
FN:208,(anonymous_16)
FN:223,(anonymous_17)
FN:228,(anonymous_18)
FN:239,(anonymous_19)
FN:244,(anonymous_20)
FN:264,(anonymous_21)
FN:269,(anonymous_22)
FN:284,(anonymous_23)
FN:289,(anonymous_24)
FN:300,(anonymous_25)
FN:305,(anonymous_26)
FN:320,(anonymous_27)
FN:325,(anonymous_28)
FN:335,(anonymous_29)
FN:340,(anonymous_30)
FN:356,(anonymous_31)
FN:361,(anonymous_32)
FN:375,(anonymous_33)
FN:380,(anonymous_34)
FN:389,(anonymous_35)
FN:394,(anonymous_36)
FN:404,(anonymous_37)
FN:409,(anonymous_38)
FN:418,(anonymous_39)
FNF:40
FNH:9
FNDA:0,isSensitiveVariable
FNDA:0,(anonymous_1)
FNDA:0,redactValue
FNDA:11,(anonymous_3)
FNDA:10,(anonymous_4)
FNDA:0,(anonymous_5)
FNDA:0,(anonymous_6)
FNDA:0,(anonymous_7)
FNDA:8,(anonymous_8)
FNDA:0,(anonymous_9)
FNDA:1,(anonymous_10)
FNDA:1,(anonymous_11)
FNDA:0,(anonymous_12)
FNDA:0,(anonymous_13)
FNDA:0,(anonymous_14)
FNDA:0,(anonymous_15)
FNDA:0,(anonymous_16)
FNDA:0,(anonymous_17)
FNDA:0,(anonymous_18)
FNDA:0,(anonymous_19)
FNDA:0,(anonymous_20)
FNDA:0,(anonymous_21)
FNDA:0,(anonymous_22)
FNDA:0,(anonymous_23)
FNDA:0,(anonymous_24)
FNDA:0,(anonymous_25)
FNDA:0,(anonymous_26)
FNDA:1,(anonymous_27)
FNDA:1,(anonymous_28)
FNDA:0,(anonymous_29)
FNDA:0,(anonymous_30)
FNDA:6,(anonymous_31)
FNDA:1,(anonymous_32)
FNDA:0,(anonymous_33)
FNDA:0,(anonymous_34)
FNDA:0,(anonymous_35)
FNDA:0,(anonymous_36)
FNDA:0,(anonymous_37)
FNDA:0,(anonymous_38)
FNDA:0,(anonymous_39)
DA:7,1
DA:8,1
DA:40,1
DA:43,0
DA:44,0
DA:48,0
DA:49,0
DA:51,0
DA:54,1
DA:60,11
DA:61,11
DA:62,11
DA:66,10
DA:67,10
DA:71,0
DA:75,0
DA:79,0
DA:83,8
DA:84,8
DA:86,8
DA:96,7
DA:97,3
DA:100,4
DA:104,0
DA:105,0
DA:107,0
DA:116,0
DA:117,0
DA:118,0
DA:127,1
DA:130,1
DA:144,0
DA:145,0
DA:148,0
DA:150,0
DA:151,0
DA:152,0
DA:153,0
DA:156,0
DA:157,0
DA:163,0
DA:171,0
DA:173,0
DA:174,0
DA:183,0
DA:184,0
DA:187,0
DA:194,0
DA:195,0
DA:204,0
DA:205,0
DA:208,0
DA:214,0
DA:215,0
DA:224,0
DA:225,0
DA:228,0
DA:234,0
DA:235,0
DA:240,0
DA:241,0
DA:244,0
DA:256,0
DA:265,0
DA:266,0
DA:269,0
DA:275,0
DA:276,0
DA:285,0
DA:286,0
DA:289,0
DA:295,0
DA:296,0
DA:301,0
DA:302,0
DA:305,0
DA:311,0
DA:312,0
DA:321,1
DA:322,1
DA:325,1
DA:330,0
DA:331,0
DA:336,0
DA:337,0
DA:340,0
DA:347,0
DA:348,0
DA:357,6
DA:358,6
DA:361,2
DA:370,4
DA:371,4
DA:376,0
DA:377,0
DA:380,0
DA:385,0
DA:390,0
DA:391,0
DA:394,0
DA:400,0
DA:405,0
DA:406,0
DA:409,0
DA:414,0
DA:419,0
DA:420,0
DA:421,0
LF:108
LH:25
BRDA:43,0,0,0
BRDA:43,0,1,0
BRDA:48,1,0,0
BRDA:48,1,1,0
BRDA:48,2,0,0
BRDA:48,2,1,0
BRDA:48,2,2,0
BRDA:61,3,0,11
BRDA:61,3,1,10
BRDA:67,4,0,10
BRDA:67,4,1,0
BRDA:96,5,0,3
BRDA:96,5,1,4
BRDA:116,6,0,0
BRDA:116,6,1,0
BRDA:156,7,0,0
BRDA:156,7,1,0
BRDA:156,8,0,0
BRDA:156,8,1,0
BRDA:230,9,0,0
BRDA:230,9,1,0
BRDA:246,10,0,0
BRDA:246,10,1,0
BRDA:248,11,0,0
BRDA:248,11,1,0
BRDA:249,12,0,0
BRDA:249,12,1,0
BRDA:250,13,0,0
BRDA:250,13,1,0
BRDA:251,14,0,0
BRDA:251,14,1,0
BRDA:252,15,0,0
BRDA:252,15,1,0
BRDA:272,16,0,0
BRDA:272,16,1,0
BRDA:344,17,0,0
BRDA:344,17,1,0
BRF:37
BRH:5
end_of_record
TN:
SF:src\services\dataverse-proxy.ts
FN:22,(anonymous_1)
FN:27,(anonymous_2)
FN:32,(anonymous_3)
FN:48,(anonymous_4)
FN:61,(anonymous_5)
FN:71,(anonymous_6)
FN:94,(anonymous_7)
FN:102,(anonymous_8)
FN:107,(anonymous_9)
FN:117,(anonymous_10)
FN:138,runProxyCommand
FNF:11
FNH:3
FNDA:7,(anonymous_1)
FNDA:0,(anonymous_2)
FNDA:5,(anonymous_3)
FNDA:0,(anonymous_4)
FNDA:0,(anonymous_5)
FNDA:0,(anonymous_6)
FNDA:0,(anonymous_7)
FNDA:0,(anonymous_8)
FNDA:0,(anonymous_9)
FNDA:5,(anonymous_10)
FNDA:0,runProxyCommand
DA:9,1
DA:10,1
DA:11,1
DA:12,1
DA:14,1
DA:16,1
DA:19,7
DA:20,7
DA:23,7
DA:24,7
DA:28,0
DA:29,0
DA:33,5
DA:34,5
DA:35,5
DA:36,5
DA:37,5
DA:38,5
DA:39,5
DA:42,5
DA:45,5
DA:48,5
DA:49,0
DA:50,0
DA:51,0
DA:52,0
DA:54,0
DA:55,0
DA:57,0
DA:61,5
DA:62,0
DA:71,5
DA:72,0
DA:73,0
DA:74,0
DA:77,0
DA:78,0
DA:85,0
DA:90,5
DA:91,5
DA:95,0
DA:96,0
DA:97,0
DA:99,0
DA:103,0
DA:104,0
DA:105,0
DA:108,0
DA:109,0
DA:110,0
DA:114,5
DA:117,5
DA:118,5
DA:119,5
DA:120,5
DA:121,5
DA:122,5
DA:123,5
DA:124,5
DA:125,5
DA:127,5
DA:128,5
DA:129,5
DA:130,5
DA:138,1
DA:139,0
DA:142,0
DA:143,0
DA:144,0
DA:145,0
DA:146,0
DA:147,0
DA:151,0
DA:152,0
DA:153,0
DA:154,0
DA:155,0
DA:156,0
DA:159,0
DA:160,0
LF:80
LH:39
BRDA:14,0,0,1
BRDA:14,0,1,1
BRDA:54,1,0,0
BRDA:54,1,1,0
BRDA:103,2,0,0
BRDA:103,2,1,0
BRDA:104,3,0,0
BRDA:104,3,1,0
BRDA:139,4,0,0
BRDA:139,4,1,0
BRDA:144,5,0,0
BRDA:144,5,1,0
BRDA:144,6,0,0
BRDA:144,6,1,0
BRDA:146,7,0,0
BRDA:146,7,1,0
BRDA:146,8,0,0
BRDA:146,8,1,0
BRDA:151,9,0,0
BRDA:151,9,1,0
BRF:20
BRH:2
end_of_record
TN:
SF:src\templates\html-template.ts
FN:379,getAllStyles
FN:395,generateHeader
FN:435,generateFooter
FN:461,generateHtmlDocument
FN:487,generateSummaryCards
FN:494,(anonymous_5)
FN:507,generateTable
FN:515,(anonymous_7)
FN:518,(anonymous_8)
FN:519,(anonymous_9)
FNF:10
FNH:0
FNDA:0,getAllStyles
FNDA:0,generateHeader
FNDA:0,generateFooter
FNDA:0,generateHtmlDocument
FNDA:0,generateSummaryCards
FNDA:0,(anonymous_5)
FNDA:0,generateTable
FNDA:0,(anonymous_7)
FNDA:0,(anonymous_8)
FNDA:0,(anonymous_9)
DA:9,1
DA:58,1
DA:84,1
DA:111,1
DA:168,1
DA:214,1
DA:250,1
DA:301,1
DA:340,1
DA:362,1
DA:379,1
DA:380,0
DA:395,1
DA:396,0
DA:398,0
DA:400,0
DA:401,0
DA:404,0
DA:405,0
DA:408,0
DA:409,0
DA:412,0
DA:413,0
DA:416,0
DA:435,1
DA:436,0
DA:447,1
DA:461,1
DA:465,0
DA:487,1
DA:492,0
DA:494,0
DA:507,1
DA:512,0
DA:515,0
DA:518,0
DA:519,0
LF:37
LH:17
BRDA:396,0,0,0
BRDA:396,0,1,0
BRDA:400,1,0,0
BRDA:400,1,1,0
BRDA:404,2,0,0
BRDA:404,2,1,0
BRDA:408,3,0,0
BRDA:408,3,1,0
BRDA:408,4,0,0
BRDA:408,4,1,0
BRDA:412,5,0,0
BRDA:412,5,1,0
BRDA:423,6,0,0
BRDA:423,6,1,0
BRDA:495,7,0,0
BRDA:495,7,1,0
BRDA:513,8,0,0
BRDA:513,8,1,0
BRF:18
BRH:0
end_of_record
TN:
SF:src\utils\colors.ts
FN:6,(anonymous_0)
FN:7,(anonymous_1)
FN:8,(anonymous_2)
FN:9,(anonymous_3)
FN:10,(anonymous_4)
FN:11,(anonymous_5)
FN:12,(anonymous_6)
FN:13,(anonymous_7)
FN:18,(anonymous_8)
FN:19,(anonymous_9)
FN:20,(anonymous_10)
FN:21,(anonymous_11)
FN:22,(anonymous_12)
FN:23,(anonymous_13)
FNF:14
FNH:12
FNDA:7,(anonymous_0)
FNDA:3,(anonymous_1)
FNDA:2,(anonymous_2)
FNDA:1,(anonymous_3)
FNDA:32,(anonymous_4)
FNDA:0,(anonymous_5)
FNDA:18,(anonymous_6)
FNDA:10,(anonymous_7)
FNDA:1,(anonymous_8)
FNDA:6,(anonymous_9)
FNDA:1,(anonymous_10)
FNDA:1,(anonymous_11)
FNDA:6,(anonymous_12)
FNDA:0,(anonymous_13)
DA:5,4
DA:6,7
DA:7,3
DA:8,2
DA:9,1
DA:10,32
DA:11,0
DA:12,18
DA:13,10
DA:17,4
DA:18,1
DA:19,6
DA:20,1
DA:21,1
DA:22,6
DA:24,0
DA:25,0
LF:17
LH:14
BRDA:24,0,0,0
BRDA:24,0,1,0
BRF:2
BRH:0
end_of_record
TN:
SF:src\utils\index.ts
FNF:0
FNH:0
DA:1,3
DA:2,3
DA:3,3
LF:3
LH:3
BRF:0
BRH:0
end_of_record
TN:
SF:src\utils\prompts.ts
FN:10,prompt
FN:16,(anonymous_10)
FN:18,(anonymous_11)
FN:28,promptYN
FN:37,promptSelect
FN:47,(anonymous_14)
FNF:6
FNH:0
FNDA:0,prompt
FNDA:0,(anonymous_10)
FNDA:0,(anonymous_11)
FNDA:0,promptYN
FNDA:0,promptSelect
FNDA:0,(anonymous_14)
DA:5,3
DA:10,3
DA:11,0
DA:16,0
DA:17,0
DA:18,0
DA:19,0
DA:20,0
DA:28,3
DA:29,0
DA:30,0
DA:31,0
DA:37,3
DA:42,0
DA:43,0
DA:46,0
DA:47,0
DA:48,0
DA:49,0
DA:51,0
DA:53,0
DA:54,0
DA:56,0
DA:57,0
DA:60,0
LF:25
LH:4
BRDA:10,0,0,0
BRDA:17,1,0,0
BRDA:17,1,1,0
BRDA:20,2,0,0
BRDA:20,2,1,0
BRDA:28,3,0,0
BRDA:29,4,0,0
BRDA:29,4,1,0
BRDA:30,5,0,0
BRDA:30,5,1,0
BRDA:42,6,0,0
BRDA:42,6,1,0
BRDA:48,7,0,0
BRDA:48,7,1,0
BRDA:56,8,0,0
BRDA:56,8,1,0
BRDA:56,9,0,0
BRDA:56,9,1,0
BRDA:56,9,2,0
BRF:19
BRH:0
end_of_record
TN:
SF:src\utils\reports.ts
FN:14,getReportPath
FN:26,saveJsonReport
FN:33,saveHtmlReport
FNF:3
FNH:3
FNDA:7,getReportPath
FNDA:1,saveJsonReport
FNDA:1,saveHtmlReport
DA:5,4
DA:6,4
DA:14,4
DA:15,7
DA:16,7
DA:17,7
DA:18,7
DA:19,7
DA:20,7
DA:26,4
DA:27,1
DA:33,4
DA:34,1
LF:13
LH:13
BRF:0
BRH:0
end_of_record
